<?xml version="1.0" encoding="UTF-8"?>
<!-- Generated by org.testng.reporters.JUnitReportReporter -->
<testsuite hostname="DESKTOP-L1C7IHC" failures="0" tests="1" name="src1.Sample1" time="0.013" errors="0" timestamp="2024-07-23T06:50:47 IST" skipped="0">
  <testcase classname="src1.Sample1" name="sam" time="0.013"/>
</testsuite> <!-- src1.Sample1 -->
